Arguments: 
  /home/hector/.nvm/versions/node/v12.14.0/bin/node /home/hector/.nvm/versions/node/v12.14.0/bin/yarn add express

PATH: 
  /home/hector/go/bin:/usr/local/go/bin:/home/hector/go/bin:/usr/local/go/bin:/home/hector/.nvm/versions/node/v12.14.0/bin:/home/hector/.local/bin:/usr/local/sbin:/usr/local/bin:/usr/sbin:/usr/bin:/sbin:/bin:/usr/games:/usr/local/games:/snap/bin

Yarn version: 
  1.22.4

Node version: 
  12.14.0

Platform: 
  linux x64

Trace: 
  Error: https://npm-registry.fif.tech/express: authorization required to access package express
      at Request.params.callback [as _callback] (/home/hector/.nvm/versions/node/v12.14.0/lib/node_modules/yarn/lib/cli.js:66987:18)
      at Request.self.callback (/home/hector/.nvm/versions/node/v12.14.0/lib/node_modules/yarn/lib/cli.js:140748:22)
      at Request.emit (events.js:210:5)
      at Request.<anonymous> (/home/hector/.nvm/versions/node/v12.14.0/lib/node_modules/yarn/lib/cli.js:141720:10)
      at Request.emit (events.js:210:5)
      at IncomingMessage.<anonymous> (/home/hector/.nvm/versions/node/v12.14.0/lib/node_modules/yarn/lib/cli.js:141642:12)
      at Object.onceWrapper (events.js:299:28)
      at IncomingMessage.emit (events.js:215:7)
      at endReadableNT (_stream_readable.js:1184:12)
      at processTicksAndRejections (internal/process/task_queues.js:80:21)

npm manifest: 
  {
    "name": "platzi-proyecto-graphql",
    "version": "1.0.0",
    "main": "index.js",
    "repository": "https://github.com/hfuentes/platzi-proyecto-graphql.git",
    "author": "Hector Fuentes <hector.fuentes@imagemaker.com>",
    "license": "MIT"
  }

yarn manifest: 
  No manifest

Lockfile: 
  No lockfile
